<?xml version="1.0" encoding="UTF-8"?>
<testsuite xmlns:xsi="http://www.w3.org/2001/XMLSchema-instance" xsi:noNamespaceSchemaLocation="https://maven.apache.org/surefire/maven-surefire-plugin/xsd/surefire-test-report.xsd" name="com.cts.authmicroservice.model.AuthResponseTest" time="0.009" tests="4" errors="0" skipped="0" failures="0">
  <properties>
[...]
</properties>
  <testcase name="testEmpId" classname="com.cts.authmicroservice.model.AuthResponseTest" time="0.002"/>
  <testcase name="testToString" classname="com.cts.authmicroservice.model.AuthResponseTest" time="0.002"/>
  <testcase name="testUserName" classname="com.cts.authmicroservice.model.AuthResponseTest" time="0"/>
  <testcase name="testIsValid" classname="com.cts.authmicroservice.model.AuthResponseTest" time="0.001"/>
</testsuite>